The system is: Linux - 3.10.43 - armv7l
Compiling the C compiler identification source file "CMakeCCompilerId.c" succeeded.
Compiler: /usr/bin/cc 
Build flags: 
Id flags: 

The output was:
0
perl: warning: Setting locale failed.
perl: warning: Please check that your locale settings:
	LANGUAGE = "en_US:en",
	LC_ALL = (unset),
	LC_TIME = "es_US.UTF-8",
	LC_MONETARY = "es_US.UTF-8",
	LC_ADDRESS = "es_US.UTF-8",
	LC_TELEPHONE = "es_US.UTF-8",
	LC_NAME = "es_US.UTF-8",
	LC_MEASUREMENT = "es_US.UTF-8",
	LC_IDENTIFICATION = "es_US.UTF-8",
	LC_NUMERIC = "es_US.UTF-8",
	LC_PAPER = "es_US.UTF-8",
	LANG = "en_US.UTF-8"
    are supported and installed on your system.
perl: warning: Falling back to the standard locale ("C").
perl: warning: Setting locale failed.
perl: warning: Please check that your locale settings:
	LANGUAGE = "en_US:en",
	LC_ALL = (unset),
	LC_TIME = "es_US.UTF-8",
	LC_MONETARY = "es_US.UTF-8",
	LC_ADDRESS = "es_US.UTF-8",
	LC_TELEPHONE = "es_US.UTF-8",
	LC_NAME = "es_US.UTF-8",
	LC_MEASUREMENT = "es_US.UTF-8",
	LC_IDENTIFICATION = "es_US.UTF-8",
	LC_NUMERIC = "es_US.UTF-8",
	LC_PAPER = "es_US.UTF-8",
	LANG = "en_US.UTF-8"
    are supported and installed on your system.
perl: warning: Falling back to the standard locale ("C").


Compilation of the C compiler identification source "CMakeCCompilerId.c" produced "a.out"

The C compiler identification is GNU, found in "/home/odroid/work/odroid_c1/CMakeFiles/2.8.12.2/CompilerIdC/a.out"

Compiling the CXX compiler identification source file "CMakeCXXCompilerId.cpp" succeeded.
Compiler: /usr/bin/c++ 
Build flags: 
Id flags: 

The output was:
0
perl: warning: Setting locale failed.
perl: warning: Please check that your locale settings:
	LANGUAGE = "en_US:en",
	LC_ALL = (unset),
	LC_TIME = "es_US.UTF-8",
	LC_MONETARY = "es_US.UTF-8",
	LC_ADDRESS = "es_US.UTF-8",
	LC_TELEPHONE = "es_US.UTF-8",
	LC_NAME = "es_US.UTF-8",
	LC_MEASUREMENT = "es_US.UTF-8",
	LC_IDENTIFICATION = "es_US.UTF-8",
	LC_NUMERIC = "es_US.UTF-8",
	LC_PAPER = "es_US.UTF-8",
	LANG = "en_US.UTF-8"
    are supported and installed on your system.
perl: warning: Falling back to the standard locale ("C").
perl: warning: Setting locale failed.
perl: warning: Please check that your locale settings:
	LANGUAGE = "en_US:en",
	LC_ALL = (unset),
	LC_TIME = "es_US.UTF-8",
	LC_MONETARY = "es_US.UTF-8",
	LC_ADDRESS = "es_US.UTF-8",
	LC_TELEPHONE = "es_US.UTF-8",
	LC_NAME = "es_US.UTF-8",
	LC_MEASUREMENT = "es_US.UTF-8",
	LC_IDENTIFICATION = "es_US.UTF-8",
	LC_NUMERIC = "es_US.UTF-8",
	LC_PAPER = "es_US.UTF-8",
	LANG = "en_US.UTF-8"
    are supported and installed on your system.
perl: warning: Falling back to the standard locale ("C").


Compilation of the CXX compiler identification source "CMakeCXXCompilerId.cpp" produced "a.out"

The CXX compiler identification is GNU, found in "/home/odroid/work/odroid_c1/CMakeFiles/2.8.12.2/CompilerIdCXX/a.out"

Determining if the C compiler works passed with the following output:
Change Dir: /home/odroid/work/odroid_c1/CMakeFiles/CMakeTmp

Run Build Command:/usr/bin/make "cmTryCompileExec89672082/fast"
/usr/bin/make -f CMakeFiles/cmTryCompileExec89672082.dir/build.make CMakeFiles/cmTryCompileExec89672082.dir/build
make[1]: Entering directory `/home/odroid/work/odroid_c1/CMakeFiles/CMakeTmp'
/usr/bin/cmake -E cmake_progress_report /home/odroid/work/odroid_c1/CMakeFiles/CMakeTmp/CMakeFiles 1
Building C object CMakeFiles/cmTryCompileExec89672082.dir/testCCompiler.c.o
/usr/bin/cc    -o CMakeFiles/cmTryCompileExec89672082.dir/testCCompiler.c.o   -c /home/odroid/work/odroid_c1/CMakeFiles/CMakeTmp/testCCompiler.c
perl: warning: Setting locale failed.
perl: warning: Please check that your locale settings:
	LANGUAGE = "en_US:en",
	LC_ALL = (unset),
	LC_NAME = "es_US.UTF-8",
	LC_NUMERIC = "es_US.UTF-8",
	LC_TIME = "es_US.UTF-8",
	LC_MONETARY = "es_US.UTF-8",
	LC_TELEPHONE = "es_US.UTF-8",
	LC_PAPER = "es_US.UTF-8",
	LC_MEASUREMENT = "es_US.UTF-8",
	LC_IDENTIFICATION = "es_US.UTF-8",
	LC_ADDRESS = "es_US.UTF-8",
	LANG = "en_US.UTF-8"
    are supported and installed on your system.
perl: warning: Falling back to the standard locale ("C").
Linking C executable cmTryCompileExec89672082
/usr/bin/cmake -E cmake_link_script CMakeFiles/cmTryCompileExec89672082.dir/link.txt --verbose=1
/usr/bin/cc       CMakeFiles/cmTryCompileExec89672082.dir/testCCompiler.c.o  -o cmTryCompileExec89672082 -rdynamic 
perl: warning: Setting locale failed.
perl: warning: Please check that your locale settings:
	LANGUAGE = "en_US:en",
	LC_ALL = (unset),
	LC_NAME = "es_US.UTF-8",
	LC_NUMERIC = "es_US.UTF-8",
	LC_TIME = "es_US.UTF-8",
	LC_MONETARY = "es_US.UTF-8",
	LC_TELEPHONE = "es_US.UTF-8",
	LC_PAPER = "es_US.UTF-8",
	LC_MEASUREMENT = "es_US.UTF-8",
	LC_IDENTIFICATION = "es_US.UTF-8",
	LC_ADDRESS = "es_US.UTF-8",
	LANG = "en_US.UTF-8"
    are supported and installed on your system.
perl: warning: Falling back to the standard locale ("C").
perl: warning: Setting locale failed.
perl: warning: Please check that your locale settings:
	LANGUAGE = "en_US:en",
	LC_ALL = (unset),
	LC_NAME = "es_US.UTF-8",
	LC_NUMERIC = "es_US.UTF-8",
	LC_TIME = "es_US.UTF-8",
	LC_MONETARY = "es_US.UTF-8",
	LC_TELEPHONE = "es_US.UTF-8",
	LC_PAPER = "es_US.UTF-8",
	LC_MEASUREMENT = "es_US.UTF-8",
	LC_IDENTIFICATION = "es_US.UTF-8",
	LC_ADDRESS = "es_US.UTF-8",
	LANG = "en_US.UTF-8"
    are supported and installed on your system.
perl: warning: Falling back to the standard locale ("C").
make[1]: Leaving directory `/home/odroid/work/odroid_c1/CMakeFiles/CMakeTmp'


Detecting C compiler ABI info compiled with the following output:
Change Dir: /home/odroid/work/odroid_c1/CMakeFiles/CMakeTmp

Run Build Command:/usr/bin/make "cmTryCompileExec2985080594/fast"
/usr/bin/make -f CMakeFiles/cmTryCompileExec2985080594.dir/build.make CMakeFiles/cmTryCompileExec2985080594.dir/build
make[1]: Entering directory `/home/odroid/work/odroid_c1/CMakeFiles/CMakeTmp'
/usr/bin/cmake -E cmake_progress_report /home/odroid/work/odroid_c1/CMakeFiles/CMakeTmp/CMakeFiles 1
Building C object CMakeFiles/cmTryCompileExec2985080594.dir/CMakeCCompilerABI.c.o
/usr/bin/cc    -o CMakeFiles/cmTryCompileExec2985080594.dir/CMakeCCompilerABI.c.o   -c /usr/share/cmake-2.8/Modules/CMakeCCompilerABI.c
perl: warning: Setting locale failed.
perl: warning: Please check that your locale settings:
	LANGUAGE = "en_US:en",
	LC_ALL = (unset),
	LC_NAME = "es_US.UTF-8",
	LC_NUMERIC = "es_US.UTF-8",
	LC_TIME = "es_US.UTF-8",
	LC_MONETARY = "es_US.UTF-8",
	LC_TELEPHONE = "es_US.UTF-8",
	LC_PAPER = "es_US.UTF-8",
	LC_MEASUREMENT = "es_US.UTF-8",
	LC_IDENTIFICATION = "es_US.UTF-8",
	LC_ADDRESS = "es_US.UTF-8",
	LANG = "en_US.UTF-8"
    are supported and installed on your system.
perl: warning: Falling back to the standard locale ("C").
Linking C executable cmTryCompileExec2985080594
/usr/bin/cmake -E cmake_link_script CMakeFiles/cmTryCompileExec2985080594.dir/link.txt --verbose=1
/usr/bin/cc     -v CMakeFiles/cmTryCompileExec2985080594.dir/CMakeCCompilerABI.c.o  -o cmTryCompileExec2985080594 -rdynamic  
perl: warning: Setting locale failed.
perl: warning: Please check that your locale settings:
	LANGUAGE = "en_US:en",
	LC_ALL = (unset),
	LC_NAME = "es_US.UTF-8",
	LC_NUMERIC = "es_US.UTF-8",
	LC_TIME = "es_US.UTF-8",
	LC_MONETARY = "es_US.UTF-8",
	LC_TELEPHONE = "es_US.UTF-8",
	LC_PAPER = "es_US.UTF-8",
	LC_MEASUREMENT = "es_US.UTF-8",
	LC_IDENTIFICATION = "es_US.UTF-8",
	LC_ADDRESS = "es_US.UTF-8",
	LANG = "en_US.UTF-8"
    are supported and installed on your system.
perl: warning: Falling back to the standard locale ("C").
Using built-in specs.
COLLECT_GCC=/usr/bin/gcc-4.8.real
COLLECT_LTO_WRAPPER=/usr/lib/gcc/arm-linux-gnueabihf/4.8/lto-wrapper
Target: arm-linux-gnueabihf
Configured with: ../src/configure -v --with-pkgversion='Ubuntu/Linaro 4.8.2-19ubuntu1' --with-bugurl=file:///usr/share/doc/gcc-4.8/README.Bugs --enable-languages=c,c++,java,go,d,fortran,objc,obj-c++ --prefix=/usr --program-suffix=-4.8 --enable-shared --enable-linker-build-id --libexecdir=/usr/lib --without-included-gettext --enable-threads=posix --with-gxx-include-dir=/usr/include/c++/4.8 --libdir=/usr/lib --enable-nls --with-sysroot=/ --enable-clocale=gnu --enable-libstdcxx-debug --enable-libstdcxx-time=yes --enable-gnu-unique-object --disable-libmudflap --disable-libitm --disable-libquadmath --enable-plugin --with-system-zlib --disable-browser-plugin --enable-java-awt=gtk --enable-gtk-cairo --with-java-home=/usr/lib/jvm/java-1.5.0-gcj-4.8-armhf/jre --enable-java-home --with-jvm-root-dir=/usr/lib/jvm/java-1.5.0-gcj-4.8-armhf --with-jvm-jar-dir=/usr/lib/jvm-exports/java-1.5.0-gcj-4.8-armhf --with-arch-directory=arm --with-ecj-jar=/usr/share/java/eclipse-ecj.jar --enable-objc-gc --enable-multiarch --enable-multilib --disable-sjlj-exceptions --with-arch=armv7-a --with-fpu=vfpv3-d16 --with-float=hard --with-mode=thumb --disable-werror --enable-checking=release --build=arm-linux-gnueabihf --host=arm-linux-gnueabihf --target=arm-linux-gnueabihf
Thread model: posix
gcc version 4.8.2 (Ubuntu/Linaro 4.8.2-19ubuntu1) 
COMPILER_PATH=/usr/lib/gcc/arm-linux-gnueabihf/4.8/:/usr/lib/gcc/arm-linux-gnueabihf/4.8/:/usr/lib/gcc/arm-linux-gnueabihf/:/usr/lib/gcc/arm-linux-gnueabihf/4.8/:/usr/lib/gcc/arm-linux-gnueabihf/
LIBRARY_PATH=/usr/lib/gcc/arm-linux-gnueabihf/4.8/:/usr/lib/gcc/arm-linux-gnueabihf/4.8/../../../arm-linux-gnueabihf/:/usr/lib/gcc/arm-linux-gnueabihf/4.8/../../../../lib/:/lib/arm-linux-gnueabihf/:/lib/../lib/:/usr/lib/arm-linux-gnueabihf/:/usr/lib/../lib/:/usr/lib/gcc/arm-linux-gnueabihf/4.8/../../../:/lib/:/usr/lib/
COLLECT_GCC_OPTIONS='-v' '-o' 'cmTryCompileExec2985080594' '-rdynamic' '-march=armv7-a' '-mfloat-abi=hard' '-mfpu=vfpv3-d16' '-mthumb' '-mtls-dialect=gnu'
 /usr/lib/gcc/arm-linux-gnueabihf/4.8/collect2 --sysroot=/ --build-id --eh-frame-hdr -export-dynamic -dynamic-linker /lib/ld-linux-armhf.so.3 -X --hash-style=gnu --as-needed -m armelf_linux_eabi -z relro -o cmTryCompileExec2985080594 /usr/lib/gcc/arm-linux-gnueabihf/4.8/../../../arm-linux-gnueabihf/crt1.o /usr/lib/gcc/arm-linux-gnueabihf/4.8/../../../arm-linux-gnueabihf/crti.o /usr/lib/gcc/arm-linux-gnueabihf/4.8/crtbegin.o -L/usr/lib/gcc/arm-linux-gnueabihf/4.8 -L/usr/lib/gcc/arm-linux-gnueabihf/4.8/../../../arm-linux-gnueabihf -L/usr/lib/gcc/arm-linux-gnueabihf/4.8/../../../../lib -L/lib/arm-linux-gnueabihf -L/lib/../lib -L/usr/lib/arm-linux-gnueabihf -L/usr/lib/../lib -L/usr/lib/gcc/arm-linux-gnueabihf/4.8/../../.. CMakeFiles/cmTryCompileExec2985080594.dir/CMakeCCompilerABI.c.o -lgcc --as-needed -lgcc_s --no-as-needed -lc -lgcc --as-needed -lgcc_s --no-as-needed /usr/lib/gcc/arm-linux-gnueabihf/4.8/crtend.o /usr/lib/gcc/arm-linux-gnueabihf/4.8/../../../arm-linux-gnueabihf/crtn.o
perl: warning: Setting locale failed.
perl: warning: Please check that your locale settings:
	LANGUAGE = "en_US:en",
	LC_ALL = (unset),
	LC_NAME = "es_US.UTF-8",
	LC_NUMERIC = "es_US.UTF-8",
	LC_TIME = "es_US.UTF-8",
	LC_MONETARY = "es_US.UTF-8",
	LC_TELEPHONE = "es_US.UTF-8",
	LC_PAPER = "es_US.UTF-8",
	LC_MEASUREMENT = "es_US.UTF-8",
	LC_IDENTIFICATION = "es_US.UTF-8",
	LC_ADDRESS = "es_US.UTF-8",
	LANG = "en_US.UTF-8"
    are supported and installed on your system.
perl: warning: Falling back to the standard locale ("C").
make[1]: Leaving directory `/home/odroid/work/odroid_c1/CMakeFiles/CMakeTmp'


Parsed C implicit link information from above output:
  link line regex: [^( *|.*[/\])(ld|([^/\]+-)?ld|collect2)[^/\]*( |$)]
  ignore line: [Change Dir: /home/odroid/work/odroid_c1/CMakeFiles/CMakeTmp]
  ignore line: []
  ignore line: [Run Build Command:/usr/bin/make "cmTryCompileExec2985080594/fast"]
  ignore line: [/usr/bin/make -f CMakeFiles/cmTryCompileExec2985080594.dir/build.make CMakeFiles/cmTryCompileExec2985080594.dir/build]
  ignore line: [make[1]: Entering directory `/home/odroid/work/odroid_c1/CMakeFiles/CMakeTmp']
  ignore line: [/usr/bin/cmake -E cmake_progress_report /home/odroid/work/odroid_c1/CMakeFiles/CMakeTmp/CMakeFiles 1]
  ignore line: [Building C object CMakeFiles/cmTryCompileExec2985080594.dir/CMakeCCompilerABI.c.o]
  ignore line: [/usr/bin/cc    -o CMakeFiles/cmTryCompileExec2985080594.dir/CMakeCCompilerABI.c.o   -c /usr/share/cmake-2.8/Modules/CMakeCCompilerABI.c]
  ignore line: [perl: warning: Setting locale failed.]
  ignore line: [perl: warning: Please check that your locale settings:]
  ignore line: [	LANGUAGE = "en_US:en",]
  ignore line: [	LC_ALL = (unset),]
  ignore line: [	LC_NAME = "es_US.UTF-8",]
  ignore line: [	LC_NUMERIC = "es_US.UTF-8",]
  ignore line: [	LC_TIME = "es_US.UTF-8",]
  ignore line: [	LC_MONETARY = "es_US.UTF-8",]
  ignore line: [	LC_TELEPHONE = "es_US.UTF-8",]
  ignore line: [	LC_PAPER = "es_US.UTF-8",]
  ignore line: [	LC_MEASUREMENT = "es_US.UTF-8",]
  ignore line: [	LC_IDENTIFICATION = "es_US.UTF-8",]
  ignore line: [	LC_ADDRESS = "es_US.UTF-8",]
  ignore line: [	LANG = "en_US.UTF-8"]
  ignore line: [    are supported and installed on your system.]
  ignore line: [perl: warning: Falling back to the standard locale ("C").]
  ignore line: [Linking C executable cmTryCompileExec2985080594]
  ignore line: [/usr/bin/cmake -E cmake_link_script CMakeFiles/cmTryCompileExec2985080594.dir/link.txt --verbose=1]
  ignore line: [/usr/bin/cc     -v CMakeFiles/cmTryCompileExec2985080594.dir/CMakeCCompilerABI.c.o  -o cmTryCompileExec2985080594 -rdynamic  ]
  ignore line: [perl: warning: Setting locale failed.]
  ignore line: [perl: warning: Please check that your locale settings:]
  ignore line: [	LANGUAGE = "en_US:en",]
  ignore line: [	LC_ALL = (unset),]
  ignore line: [	LC_NAME = "es_US.UTF-8",]
  ignore line: [	LC_NUMERIC = "es_US.UTF-8",]
  ignore line: [	LC_TIME = "es_US.UTF-8",]
  ignore line: [	LC_MONETARY = "es_US.UTF-8",]
  ignore line: [	LC_TELEPHONE = "es_US.UTF-8",]
  ignore line: [	LC_PAPER = "es_US.UTF-8",]
  ignore line: [	LC_MEASUREMENT = "es_US.UTF-8",]
  ignore line: [	LC_IDENTIFICATION = "es_US.UTF-8",]
  ignore line: [	LC_ADDRESS = "es_US.UTF-8",]
  ignore line: [	LANG = "en_US.UTF-8"]
  ignore line: [    are supported and installed on your system.]
  ignore line: [perl: warning: Falling back to the standard locale ("C").]
  ignore line: [Using built-in specs.]
  ignore line: [COLLECT_GCC=/usr/bin/gcc-4.8.real]
  ignore line: [COLLECT_LTO_WRAPPER=/usr/lib/gcc/arm-linux-gnueabihf/4.8/lto-wrapper]
  ignore line: [Target: arm-linux-gnueabihf]
  ignore line: [Configured with: ../src/configure -v --with-pkgversion='Ubuntu/Linaro 4.8.2-19ubuntu1' --with-bugurl=file:///usr/share/doc/gcc-4.8/README.Bugs --enable-languages=c,c++,java,go,d,fortran,objc,obj-c++ --prefix=/usr --program-suffix=-4.8 --enable-shared --enable-linker-build-id --libexecdir=/usr/lib --without-included-gettext --enable-threads=posix --with-gxx-include-dir=/usr/include/c++/4.8 --libdir=/usr/lib --enable-nls --with-sysroot=/ --enable-clocale=gnu --enable-libstdcxx-debug --enable-libstdcxx-time=yes --enable-gnu-unique-object --disable-libmudflap --disable-libitm --disable-libquadmath --enable-plugin --with-system-zlib --disable-browser-plugin --enable-java-awt=gtk --enable-gtk-cairo --with-java-home=/usr/lib/jvm/java-1.5.0-gcj-4.8-armhf/jre --enable-java-home --with-jvm-root-dir=/usr/lib/jvm/java-1.5.0-gcj-4.8-armhf --with-jvm-jar-dir=/usr/lib/jvm-exports/java-1.5.0-gcj-4.8-armhf --with-arch-directory=arm --with-ecj-jar=/usr/share/java/eclipse-ecj.jar --enable-objc-gc --enable-multiarch --enable-multilib --disable-sjlj-exceptions --with-arch=armv7-a --with-fpu=vfpv3-d16 --with-float=hard --with-mode=thumb --disable-werror --enable-checking=release --build=arm-linux-gnueabihf --host=arm-linux-gnueabihf --target=arm-linux-gnueabihf]
  ignore line: [Thread model: posix]
  ignore line: [gcc version 4.8.2 (Ubuntu/Linaro 4.8.2-19ubuntu1) ]
  ignore line: [COMPILER_PATH=/usr/lib/gcc/arm-linux-gnueabihf/4.8/:/usr/lib/gcc/arm-linux-gnueabihf/4.8/:/usr/lib/gcc/arm-linux-gnueabihf/:/usr/lib/gcc/arm-linux-gnueabihf/4.8/:/usr/lib/gcc/arm-linux-gnueabihf/]
  ignore line: [LIBRARY_PATH=/usr/lib/gcc/arm-linux-gnueabihf/4.8/:/usr/lib/gcc/arm-linux-gnueabihf/4.8/../../../arm-linux-gnueabihf/:/usr/lib/gcc/arm-linux-gnueabihf/4.8/../../../../lib/:/lib/arm-linux-gnueabihf/:/lib/../lib/:/usr/lib/arm-linux-gnueabihf/:/usr/lib/../lib/:/usr/lib/gcc/arm-linux-gnueabihf/4.8/../../../:/lib/:/usr/lib/]
  ignore line: [COLLECT_GCC_OPTIONS='-v' '-o' 'cmTryCompileExec2985080594' '-rdynamic' '-march=armv7-a' '-mfloat-abi=hard' '-mfpu=vfpv3-d16' '-mthumb' '-mtls-dialect=gnu']
  link line: [ /usr/lib/gcc/arm-linux-gnueabihf/4.8/collect2 --sysroot=/ --build-id --eh-frame-hdr -export-dynamic -dynamic-linker /lib/ld-linux-armhf.so.3 -X --hash-style=gnu --as-needed -m armelf_linux_eabi -z relro -o cmTryCompileExec2985080594 /usr/lib/gcc/arm-linux-gnueabihf/4.8/../../../arm-linux-gnueabihf/crt1.o /usr/lib/gcc/arm-linux-gnueabihf/4.8/../../../arm-linux-gnueabihf/crti.o /usr/lib/gcc/arm-linux-gnueabihf/4.8/crtbegin.o -L/usr/lib/gcc/arm-linux-gnueabihf/4.8 -L/usr/lib/gcc/arm-linux-gnueabihf/4.8/../../../arm-linux-gnueabihf -L/usr/lib/gcc/arm-linux-gnueabihf/4.8/../../../../lib -L/lib/arm-linux-gnueabihf -L/lib/../lib -L/usr/lib/arm-linux-gnueabihf -L/usr/lib/../lib -L/usr/lib/gcc/arm-linux-gnueabihf/4.8/../../.. CMakeFiles/cmTryCompileExec2985080594.dir/CMakeCCompilerABI.c.o -lgcc --as-needed -lgcc_s --no-as-needed -lc -lgcc --as-needed -lgcc_s --no-as-needed /usr/lib/gcc/arm-linux-gnueabihf/4.8/crtend.o /usr/lib/gcc/arm-linux-gnueabihf/4.8/../../../arm-linux-gnueabihf/crtn.o]
    arg [/usr/lib/gcc/arm-linux-gnueabihf/4.8/collect2] ==> ignore
    arg [--sysroot=/] ==> ignore
    arg [--build-id] ==> ignore
    arg [--eh-frame-hdr] ==> ignore
    arg [-export-dynamic] ==> ignore
    arg [-dynamic-linker] ==> ignore
    arg [/lib/ld-linux-armhf.so.3] ==> ignore
    arg [-X] ==> ignore
    arg [--hash-style=gnu] ==> ignore
    arg [--as-needed] ==> ignore
    arg [-m] ==> ignore
    arg [armelf_linux_eabi] ==> ignore
    arg [-zrelro] ==> ignore
    arg [-o] ==> ignore
    arg [cmTryCompileExec2985080594] ==> ignore
    arg [/usr/lib/gcc/arm-linux-gnueabihf/4.8/../../../arm-linux-gnueabihf/crt1.o] ==> ignore
    arg [/usr/lib/gcc/arm-linux-gnueabihf/4.8/../../../arm-linux-gnueabihf/crti.o] ==> ignore
    arg [/usr/lib/gcc/arm-linux-gnueabihf/4.8/crtbegin.o] ==> ignore
    arg [-L/usr/lib/gcc/arm-linux-gnueabihf/4.8] ==> dir [/usr/lib/gcc/arm-linux-gnueabihf/4.8]
    arg [-L/usr/lib/gcc/arm-linux-gnueabihf/4.8/../../../arm-linux-gnueabihf] ==> dir [/usr/lib/gcc/arm-linux-gnueabihf/4.8/../../../arm-linux-gnueabihf]
    arg [-L/usr/lib/gcc/arm-linux-gnueabihf/4.8/../../../../lib] ==> dir [/usr/lib/gcc/arm-linux-gnueabihf/4.8/../../../../lib]
    arg [-L/lib/arm-linux-gnueabihf] ==> dir [/lib/arm-linux-gnueabihf]
    arg [-L/lib/../lib] ==> dir [/lib/../lib]
    arg [-L/usr/lib/arm-linux-gnueabihf] ==> dir [/usr/lib/arm-linux-gnueabihf]
    arg [-L/usr/lib/../lib] ==> dir [/usr/lib/../lib]
    arg [-L/usr/lib/gcc/arm-linux-gnueabihf/4.8/../../..] ==> dir [/usr/lib/gcc/arm-linux-gnueabihf/4.8/../../..]
    arg [CMakeFiles/cmTryCompileExec2985080594.dir/CMakeCCompilerABI.c.o] ==> ignore
    arg [-lgcc] ==> lib [gcc]
    arg [--as-needed] ==> ignore
    arg [-lgcc_s] ==> lib [gcc_s]
    arg [--no-as-needed] ==> ignore
    arg [-lc] ==> lib [c]
    arg [-lgcc] ==> lib [gcc]
    arg [--as-needed] ==> ignore
    arg [-lgcc_s] ==> lib [gcc_s]
    arg [--no-as-needed] ==> ignore
    arg [/usr/lib/gcc/arm-linux-gnueabihf/4.8/crtend.o] ==> ignore
    arg [/usr/lib/gcc/arm-linux-gnueabihf/4.8/../../../arm-linux-gnueabihf/crtn.o] ==> ignore
  remove lib [gcc]
  remove lib [gcc_s]
  remove lib [gcc]
  remove lib [gcc_s]
  collapse library dir [/usr/lib/gcc/arm-linux-gnueabihf/4.8] ==> [/usr/lib/gcc/arm-linux-gnueabihf/4.8]
  collapse library dir [/usr/lib/gcc/arm-linux-gnueabihf/4.8/../../../arm-linux-gnueabihf] ==> [/usr/lib/arm-linux-gnueabihf]
  collapse library dir [/usr/lib/gcc/arm-linux-gnueabihf/4.8/../../../../lib] ==> [/usr/lib]
  collapse library dir [/lib/arm-linux-gnueabihf] ==> [/lib/arm-linux-gnueabihf]
  collapse library dir [/lib/../lib] ==> [/lib]
  collapse library dir [/usr/lib/arm-linux-gnueabihf] ==> [/usr/lib/arm-linux-gnueabihf]
  collapse library dir [/usr/lib/../lib] ==> [/usr/lib]
  collapse library dir [/usr/lib/gcc/arm-linux-gnueabihf/4.8/../../..] ==> [/usr/lib]
  implicit libs: [c]
  implicit dirs: [/usr/lib/gcc/arm-linux-gnueabihf/4.8;/usr/lib/arm-linux-gnueabihf;/usr/lib;/lib/arm-linux-gnueabihf;/lib]
  implicit fwks: []


Determining if the CXX compiler works passed with the following output:
Change Dir: /home/odroid/work/odroid_c1/CMakeFiles/CMakeTmp

Run Build Command:/usr/bin/make "cmTryCompileExec3751200032/fast"
/usr/bin/make -f CMakeFiles/cmTryCompileExec3751200032.dir/build.make CMakeFiles/cmTryCompileExec3751200032.dir/build
make[1]: Entering directory `/home/odroid/work/odroid_c1/CMakeFiles/CMakeTmp'
/usr/bin/cmake -E cmake_progress_report /home/odroid/work/odroid_c1/CMakeFiles/CMakeTmp/CMakeFiles 1
Building CXX object CMakeFiles/cmTryCompileExec3751200032.dir/testCXXCompiler.cxx.o
/usr/bin/c++     -o CMakeFiles/cmTryCompileExec3751200032.dir/testCXXCompiler.cxx.o -c /home/odroid/work/odroid_c1/CMakeFiles/CMakeTmp/testCXXCompiler.cxx
perl: warning: Setting locale failed.
perl: warning: Please check that your locale settings:
	LANGUAGE = "en_US:en",
	LC_ALL = (unset),
	LC_NAME = "es_US.UTF-8",
	LC_NUMERIC = "es_US.UTF-8",
	LC_TIME = "es_US.UTF-8",
	LC_MONETARY = "es_US.UTF-8",
	LC_TELEPHONE = "es_US.UTF-8",
	LC_PAPER = "es_US.UTF-8",
	LC_MEASUREMENT = "es_US.UTF-8",
	LC_IDENTIFICATION = "es_US.UTF-8",
	LC_ADDRESS = "es_US.UTF-8",
	LANG = "en_US.UTF-8"
    are supported and installed on your system.
perl: warning: Falling back to the standard locale ("C").
Linking CXX executable cmTryCompileExec3751200032
/usr/bin/cmake -E cmake_link_script CMakeFiles/cmTryCompileExec3751200032.dir/link.txt --verbose=1
/usr/bin/c++        CMakeFiles/cmTryCompileExec3751200032.dir/testCXXCompiler.cxx.o  -o cmTryCompileExec3751200032 -rdynamic 
perl: warning: Setting locale failed.
perl: warning: Please check that your locale settings:
	LANGUAGE = "en_US:en",
	LC_ALL = (unset),
	LC_NAME = "es_US.UTF-8",
	LC_NUMERIC = "es_US.UTF-8",
	LC_TIME = "es_US.UTF-8",
	LC_MONETARY = "es_US.UTF-8",
	LC_TELEPHONE = "es_US.UTF-8",
	LC_PAPER = "es_US.UTF-8",
	LC_MEASUREMENT = "es_US.UTF-8",
	LC_IDENTIFICATION = "es_US.UTF-8",
	LC_ADDRESS = "es_US.UTF-8",
	LANG = "en_US.UTF-8"
    are supported and installed on your system.
perl: warning: Falling back to the standard locale ("C").
perl: warning: Setting locale failed.
perl: warning: Please check that your locale settings:
	LANGUAGE = "en_US:en",
	LC_ALL = (unset),
	LC_NAME = "es_US.UTF-8",
	LC_NUMERIC = "es_US.UTF-8",
	LC_TIME = "es_US.UTF-8",
	LC_MONETARY = "es_US.UTF-8",
	LC_TELEPHONE = "es_US.UTF-8",
	LC_PAPER = "es_US.UTF-8",
	LC_MEASUREMENT = "es_US.UTF-8",
	LC_IDENTIFICATION = "es_US.UTF-8",
	LC_ADDRESS = "es_US.UTF-8",
	LANG = "en_US.UTF-8"
    are supported and installed on your system.
perl: warning: Falling back to the standard locale ("C").
make[1]: Leaving directory `/home/odroid/work/odroid_c1/CMakeFiles/CMakeTmp'


Detecting CXX compiler ABI info compiled with the following output:
Change Dir: /home/odroid/work/odroid_c1/CMakeFiles/CMakeTmp

Run Build Command:/usr/bin/make "cmTryCompileExec3487070085/fast"
/usr/bin/make -f CMakeFiles/cmTryCompileExec3487070085.dir/build.make CMakeFiles/cmTryCompileExec3487070085.dir/build
make[1]: Entering directory `/home/odroid/work/odroid_c1/CMakeFiles/CMakeTmp'
/usr/bin/cmake -E cmake_progress_report /home/odroid/work/odroid_c1/CMakeFiles/CMakeTmp/CMakeFiles 1
Building CXX object CMakeFiles/cmTryCompileExec3487070085.dir/CMakeCXXCompilerABI.cpp.o
/usr/bin/c++     -o CMakeFiles/cmTryCompileExec3487070085.dir/CMakeCXXCompilerABI.cpp.o -c /usr/share/cmake-2.8/Modules/CMakeCXXCompilerABI.cpp
perl: warning: Setting locale failed.
perl: warning: Please check that your locale settings:
	LANGUAGE = "en_US:en",
	LC_ALL = (unset),
	LC_NAME = "es_US.UTF-8",
	LC_NUMERIC = "es_US.UTF-8",
	LC_TIME = "es_US.UTF-8",
	LC_MONETARY = "es_US.UTF-8",
	LC_TELEPHONE = "es_US.UTF-8",
	LC_PAPER = "es_US.UTF-8",
	LC_MEASUREMENT = "es_US.UTF-8",
	LC_IDENTIFICATION = "es_US.UTF-8",
	LC_ADDRESS = "es_US.UTF-8",
	LANG = "en_US.UTF-8"
    are supported and installed on your system.
perl: warning: Falling back to the standard locale ("C").
Linking CXX executable cmTryCompileExec3487070085
/usr/bin/cmake -E cmake_link_script CMakeFiles/cmTryCompileExec3487070085.dir/link.txt --verbose=1
/usr/bin/c++      -v CMakeFiles/cmTryCompileExec3487070085.dir/CMakeCXXCompilerABI.cpp.o  -o cmTryCompileExec3487070085 -rdynamic  
perl: warning: Setting locale failed.
perl: warning: Please check that your locale settings:
	LANGUAGE = "en_US:en",
	LC_ALL = (unset),
	LC_NAME = "es_US.UTF-8",
	LC_NUMERIC = "es_US.UTF-8",
	LC_TIME = "es_US.UTF-8",
	LC_MONETARY = "es_US.UTF-8",
	LC_TELEPHONE = "es_US.UTF-8",
	LC_PAPER = "es_US.UTF-8",
	LC_MEASUREMENT = "es_US.UTF-8",
	LC_IDENTIFICATION = "es_US.UTF-8",
	LC_ADDRESS = "es_US.UTF-8",
	LANG = "en_US.UTF-8"
    are supported and installed on your system.
perl: warning: Falling back to the standard locale ("C").
Using built-in specs.
COLLECT_GCC=/usr/bin/g++-4.8.real
COLLECT_LTO_WRAPPER=/usr/lib/gcc/arm-linux-gnueabihf/4.8/lto-wrapper
Target: arm-linux-gnueabihf
Configured with: ../src/configure -v --with-pkgversion='Ubuntu/Linaro 4.8.2-19ubuntu1' --with-bugurl=file:///usr/share/doc/gcc-4.8/README.Bugs --enable-languages=c,c++,java,go,d,fortran,objc,obj-c++ --prefix=/usr --program-suffix=-4.8 --enable-shared --enable-linker-build-id --libexecdir=/usr/lib --without-included-gettext --enable-threads=posix --with-gxx-include-dir=/usr/include/c++/4.8 --libdir=/usr/lib --enable-nls --with-sysroot=/ --enable-clocale=gnu --enable-libstdcxx-debug --enable-libstdcxx-time=yes --enable-gnu-unique-object --disable-libmudflap --disable-libitm --disable-libquadmath --enable-plugin --with-system-zlib --disable-browser-plugin --enable-java-awt=gtk --enable-gtk-cairo --with-java-home=/usr/lib/jvm/java-1.5.0-gcj-4.8-armhf/jre --enable-java-home --with-jvm-root-dir=/usr/lib/jvm/java-1.5.0-gcj-4.8-armhf --with-jvm-jar-dir=/usr/lib/jvm-exports/java-1.5.0-gcj-4.8-armhf --with-arch-directory=arm --with-ecj-jar=/usr/share/java/eclipse-ecj.jar --enable-objc-gc --enable-multiarch --enable-multilib --disable-sjlj-exceptions --with-arch=armv7-a --with-fpu=vfpv3-d16 --with-float=hard --with-mode=thumb --disable-werror --enable-checking=release --build=arm-linux-gnueabihf --host=arm-linux-gnueabihf --target=arm-linux-gnueabihf
Thread model: posix
gcc version 4.8.2 (Ubuntu/Linaro 4.8.2-19ubuntu1) 
COMPILER_PATH=/usr/lib/gcc/arm-linux-gnueabihf/4.8/:/usr/lib/gcc/arm-linux-gnueabihf/4.8/:/usr/lib/gcc/arm-linux-gnueabihf/:/usr/lib/gcc/arm-linux-gnueabihf/4.8/:/usr/lib/gcc/arm-linux-gnueabihf/
LIBRARY_PATH=/usr/lib/gcc/arm-linux-gnueabihf/4.8/:/usr/lib/gcc/arm-linux-gnueabihf/4.8/../../../arm-linux-gnueabihf/:/usr/lib/gcc/arm-linux-gnueabihf/4.8/../../../../lib/:/lib/arm-linux-gnueabihf/:/lib/../lib/:/usr/lib/arm-linux-gnueabihf/:/usr/lib/../lib/:/usr/lib/gcc/arm-linux-gnueabihf/4.8/../../../:/lib/:/usr/lib/
COLLECT_GCC_OPTIONS='-v' '-o' 'cmTryCompileExec3487070085' '-rdynamic' '-shared-libgcc' '-march=armv7-a' '-mfloat-abi=hard' '-mfpu=vfpv3-d16' '-mthumb' '-mtls-dialect=gnu'
 /usr/lib/gcc/arm-linux-gnueabihf/4.8/collect2 --sysroot=/ --build-id --eh-frame-hdr -export-dynamic -dynamic-linker /lib/ld-linux-armhf.so.3 -X --hash-style=gnu --as-needed -m armelf_linux_eabi -z relro -o cmTryCompileExec3487070085 /usr/lib/gcc/arm-linux-gnueabihf/4.8/../../../arm-linux-gnueabihf/crt1.o /usr/lib/gcc/arm-linux-gnueabihf/4.8/../../../arm-linux-gnueabihf/crti.o /usr/lib/gcc/arm-linux-gnueabihf/4.8/crtbegin.o -L/usr/lib/gcc/arm-linux-gnueabihf/4.8 -L/usr/lib/gcc/arm-linux-gnueabihf/4.8/../../../arm-linux-gnueabihf -L/usr/lib/gcc/arm-linux-gnueabihf/4.8/../../../../lib -L/lib/arm-linux-gnueabihf -L/lib/../lib -L/usr/lib/arm-linux-gnueabihf -L/usr/lib/../lib -L/usr/lib/gcc/arm-linux-gnueabihf/4.8/../../.. CMakeFiles/cmTryCompileExec3487070085.dir/CMakeCXXCompilerABI.cpp.o -lstdc++ -lm -lgcc_s -lgcc -lc -lgcc_s -lgcc /usr/lib/gcc/arm-linux-gnueabihf/4.8/crtend.o /usr/lib/gcc/arm-linux-gnueabihf/4.8/../../../arm-linux-gnueabihf/crtn.o
perl: warning: Setting locale failed.
perl: warning: Please check that your locale settings:
	LANGUAGE = "en_US:en",
	LC_ALL = (unset),
	LC_NAME = "es_US.UTF-8",
	LC_NUMERIC = "es_US.UTF-8",
	LC_TIME = "es_US.UTF-8",
	LC_MONETARY = "es_US.UTF-8",
	LC_TELEPHONE = "es_US.UTF-8",
	LC_PAPER = "es_US.UTF-8",
	LC_MEASUREMENT = "es_US.UTF-8",
	LC_IDENTIFICATION = "es_US.UTF-8",
	LC_ADDRESS = "es_US.UTF-8",
	LANG = "en_US.UTF-8"
    are supported and installed on your system.
perl: warning: Falling back to the standard locale ("C").
make[1]: Leaving directory `/home/odroid/work/odroid_c1/CMakeFiles/CMakeTmp'


Parsed CXX implicit link information from above output:
  link line regex: [^( *|.*[/\])(ld|([^/\]+-)?ld|collect2)[^/\]*( |$)]
  ignore line: [Change Dir: /home/odroid/work/odroid_c1/CMakeFiles/CMakeTmp]
  ignore line: []
  ignore line: [Run Build Command:/usr/bin/make "cmTryCompileExec3487070085/fast"]
  ignore line: [/usr/bin/make -f CMakeFiles/cmTryCompileExec3487070085.dir/build.make CMakeFiles/cmTryCompileExec3487070085.dir/build]
  ignore line: [make[1]: Entering directory `/home/odroid/work/odroid_c1/CMakeFiles/CMakeTmp']
  ignore line: [/usr/bin/cmake -E cmake_progress_report /home/odroid/work/odroid_c1/CMakeFiles/CMakeTmp/CMakeFiles 1]
  ignore line: [Building CXX object CMakeFiles/cmTryCompileExec3487070085.dir/CMakeCXXCompilerABI.cpp.o]
  ignore line: [/usr/bin/c++     -o CMakeFiles/cmTryCompileExec3487070085.dir/CMakeCXXCompilerABI.cpp.o -c /usr/share/cmake-2.8/Modules/CMakeCXXCompilerABI.cpp]
  ignore line: [perl: warning: Setting locale failed.]
  ignore line: [perl: warning: Please check that your locale settings:]
  ignore line: [	LANGUAGE = "en_US:en",]
  ignore line: [	LC_ALL = (unset),]
  ignore line: [	LC_NAME = "es_US.UTF-8",]
  ignore line: [	LC_NUMERIC = "es_US.UTF-8",]
  ignore line: [	LC_TIME = "es_US.UTF-8",]
  ignore line: [	LC_MONETARY = "es_US.UTF-8",]
  ignore line: [	LC_TELEPHONE = "es_US.UTF-8",]
  ignore line: [	LC_PAPER = "es_US.UTF-8",]
  ignore line: [	LC_MEASUREMENT = "es_US.UTF-8",]
  ignore line: [	LC_IDENTIFICATION = "es_US.UTF-8",]
  ignore line: [	LC_ADDRESS = "es_US.UTF-8",]
  ignore line: [	LANG = "en_US.UTF-8"]
  ignore line: [    are supported and installed on your system.]
  ignore line: [perl: warning: Falling back to the standard locale ("C").]
  ignore line: [Linking CXX executable cmTryCompileExec3487070085]
  ignore line: [/usr/bin/cmake -E cmake_link_script CMakeFiles/cmTryCompileExec3487070085.dir/link.txt --verbose=1]
  ignore line: [/usr/bin/c++      -v CMakeFiles/cmTryCompileExec3487070085.dir/CMakeCXXCompilerABI.cpp.o  -o cmTryCompileExec3487070085 -rdynamic  ]
  ignore line: [perl: warning: Setting locale failed.]
  ignore line: [perl: warning: Please check that your locale settings:]
  ignore line: [	LANGUAGE = "en_US:en",]
  ignore line: [	LC_ALL = (unset),]
  ignore line: [	LC_NAME = "es_US.UTF-8",]
  ignore line: [	LC_NUMERIC = "es_US.UTF-8",]
  ignore line: [	LC_TIME = "es_US.UTF-8",]
  ignore line: [	LC_MONETARY = "es_US.UTF-8",]
  ignore line: [	LC_TELEPHONE = "es_US.UTF-8",]
  ignore line: [	LC_PAPER = "es_US.UTF-8",]
  ignore line: [	LC_MEASUREMENT = "es_US.UTF-8",]
  ignore line: [	LC_IDENTIFICATION = "es_US.UTF-8",]
  ignore line: [	LC_ADDRESS = "es_US.UTF-8",]
  ignore line: [	LANG = "en_US.UTF-8"]
  ignore line: [    are supported and installed on your system.]
  ignore line: [perl: warning: Falling back to the standard locale ("C").]
  ignore line: [Using built-in specs.]
  ignore line: [COLLECT_GCC=/usr/bin/g++-4.8.real]
  ignore line: [COLLECT_LTO_WRAPPER=/usr/lib/gcc/arm-linux-gnueabihf/4.8/lto-wrapper]
  ignore line: [Target: arm-linux-gnueabihf]
  ignore line: [Configured with: ../src/configure -v --with-pkgversion='Ubuntu/Linaro 4.8.2-19ubuntu1' --with-bugurl=file:///usr/share/doc/gcc-4.8/README.Bugs --enable-languages=c,c++,java,go,d,fortran,objc,obj-c++ --prefix=/usr --program-suffix=-4.8 --enable-shared --enable-linker-build-id --libexecdir=/usr/lib --without-included-gettext --enable-threads=posix --with-gxx-include-dir=/usr/include/c++/4.8 --libdir=/usr/lib --enable-nls --with-sysroot=/ --enable-clocale=gnu --enable-libstdcxx-debug --enable-libstdcxx-time=yes --enable-gnu-unique-object --disable-libmudflap --disable-libitm --disable-libquadmath --enable-plugin --with-system-zlib --disable-browser-plugin --enable-java-awt=gtk --enable-gtk-cairo --with-java-home=/usr/lib/jvm/java-1.5.0-gcj-4.8-armhf/jre --enable-java-home --with-jvm-root-dir=/usr/lib/jvm/java-1.5.0-gcj-4.8-armhf --with-jvm-jar-dir=/usr/lib/jvm-exports/java-1.5.0-gcj-4.8-armhf --with-arch-directory=arm --with-ecj-jar=/usr/share/java/eclipse-ecj.jar --enable-objc-gc --enable-multiarch --enable-multilib --disable-sjlj-exceptions --with-arch=armv7-a --with-fpu=vfpv3-d16 --with-float=hard --with-mode=thumb --disable-werror --enable-checking=release --build=arm-linux-gnueabihf --host=arm-linux-gnueabihf --target=arm-linux-gnueabihf]
  ignore line: [Thread model: posix]
  ignore line: [gcc version 4.8.2 (Ubuntu/Linaro 4.8.2-19ubuntu1) ]
  ignore line: [COMPILER_PATH=/usr/lib/gcc/arm-linux-gnueabihf/4.8/:/usr/lib/gcc/arm-linux-gnueabihf/4.8/:/usr/lib/gcc/arm-linux-gnueabihf/:/usr/lib/gcc/arm-linux-gnueabihf/4.8/:/usr/lib/gcc/arm-linux-gnueabihf/]
  ignore line: [LIBRARY_PATH=/usr/lib/gcc/arm-linux-gnueabihf/4.8/:/usr/lib/gcc/arm-linux-gnueabihf/4.8/../../../arm-linux-gnueabihf/:/usr/lib/gcc/arm-linux-gnueabihf/4.8/../../../../lib/:/lib/arm-linux-gnueabihf/:/lib/../lib/:/usr/lib/arm-linux-gnueabihf/:/usr/lib/../lib/:/usr/lib/gcc/arm-linux-gnueabihf/4.8/../../../:/lib/:/usr/lib/]
  ignore line: [COLLECT_GCC_OPTIONS='-v' '-o' 'cmTryCompileExec3487070085' '-rdynamic' '-shared-libgcc' '-march=armv7-a' '-mfloat-abi=hard' '-mfpu=vfpv3-d16' '-mthumb' '-mtls-dialect=gnu']
  link line: [ /usr/lib/gcc/arm-linux-gnueabihf/4.8/collect2 --sysroot=/ --build-id --eh-frame-hdr -export-dynamic -dynamic-linker /lib/ld-linux-armhf.so.3 -X --hash-style=gnu --as-needed -m armelf_linux_eabi -z relro -o cmTryCompileExec3487070085 /usr/lib/gcc/arm-linux-gnueabihf/4.8/../../../arm-linux-gnueabihf/crt1.o /usr/lib/gcc/arm-linux-gnueabihf/4.8/../../../arm-linux-gnueabihf/crti.o /usr/lib/gcc/arm-linux-gnueabihf/4.8/crtbegin.o -L/usr/lib/gcc/arm-linux-gnueabihf/4.8 -L/usr/lib/gcc/arm-linux-gnueabihf/4.8/../../../arm-linux-gnueabihf -L/usr/lib/gcc/arm-linux-gnueabihf/4.8/../../../../lib -L/lib/arm-linux-gnueabihf -L/lib/../lib -L/usr/lib/arm-linux-gnueabihf -L/usr/lib/../lib -L/usr/lib/gcc/arm-linux-gnueabihf/4.8/../../.. CMakeFiles/cmTryCompileExec3487070085.dir/CMakeCXXCompilerABI.cpp.o -lstdc++ -lm -lgcc_s -lgcc -lc -lgcc_s -lgcc /usr/lib/gcc/arm-linux-gnueabihf/4.8/crtend.o /usr/lib/gcc/arm-linux-gnueabihf/4.8/../../../arm-linux-gnueabihf/crtn.o]
    arg [/usr/lib/gcc/arm-linux-gnueabihf/4.8/collect2] ==> ignore
    arg [--sysroot=/] ==> ignore
    arg [--build-id] ==> ignore
    arg [--eh-frame-hdr] ==> ignore
    arg [-export-dynamic] ==> ignore
    arg [-dynamic-linker] ==> ignore
    arg [/lib/ld-linux-armhf.so.3] ==> ignore
    arg [-X] ==> ignore
    arg [--hash-style=gnu] ==> ignore
    arg [--as-needed] ==> ignore
    arg [-m] ==> ignore
    arg [armelf_linux_eabi] ==> ignore
    arg [-zrelro] ==> ignore
    arg [-o] ==> ignore
    arg [cmTryCompileExec3487070085] ==> ignore
    arg [/usr/lib/gcc/arm-linux-gnueabihf/4.8/../../../arm-linux-gnueabihf/crt1.o] ==> ignore
    arg [/usr/lib/gcc/arm-linux-gnueabihf/4.8/../../../arm-linux-gnueabihf/crti.o] ==> ignore
    arg [/usr/lib/gcc/arm-linux-gnueabihf/4.8/crtbegin.o] ==> ignore
    arg [-L/usr/lib/gcc/arm-linux-gnueabihf/4.8] ==> dir [/usr/lib/gcc/arm-linux-gnueabihf/4.8]
    arg [-L/usr/lib/gcc/arm-linux-gnueabihf/4.8/../../../arm-linux-gnueabihf] ==> dir [/usr/lib/gcc/arm-linux-gnueabihf/4.8/../../../arm-linux-gnueabihf]
    arg [-L/usr/lib/gcc/arm-linux-gnueabihf/4.8/../../../../lib] ==> dir [/usr/lib/gcc/arm-linux-gnueabihf/4.8/../../../../lib]
    arg [-L/lib/arm-linux-gnueabihf] ==> dir [/lib/arm-linux-gnueabihf]
    arg [-L/lib/../lib] ==> dir [/lib/../lib]
    arg [-L/usr/lib/arm-linux-gnueabihf] ==> dir [/usr/lib/arm-linux-gnueabihf]
    arg [-L/usr/lib/../lib] ==> dir [/usr/lib/../lib]
    arg [-L/usr/lib/gcc/arm-linux-gnueabihf/4.8/../../..] ==> dir [/usr/lib/gcc/arm-linux-gnueabihf/4.8/../../..]
    arg [CMakeFiles/cmTryCompileExec3487070085.dir/CMakeCXXCompilerABI.cpp.o] ==> ignore
    arg [-lstdc++] ==> lib [stdc++]
    arg [-lm] ==> lib [m]
    arg [-lgcc_s] ==> lib [gcc_s]
    arg [-lgcc] ==> lib [gcc]
    arg [-lc] ==> lib [c]
    arg [-lgcc_s] ==> lib [gcc_s]
    arg [-lgcc] ==> lib [gcc]
    arg [/usr/lib/gcc/arm-linux-gnueabihf/4.8/crtend.o] ==> ignore
    arg [/usr/lib/gcc/arm-linux-gnueabihf/4.8/../../../arm-linux-gnueabihf/crtn.o] ==> ignore
  remove lib [gcc_s]
  remove lib [gcc]
  remove lib [gcc_s]
  remove lib [gcc]
  collapse library dir [/usr/lib/gcc/arm-linux-gnueabihf/4.8] ==> [/usr/lib/gcc/arm-linux-gnueabihf/4.8]
  collapse library dir [/usr/lib/gcc/arm-linux-gnueabihf/4.8/../../../arm-linux-gnueabihf] ==> [/usr/lib/arm-linux-gnueabihf]
  collapse library dir [/usr/lib/gcc/arm-linux-gnueabihf/4.8/../../../../lib] ==> [/usr/lib]
  collapse library dir [/lib/arm-linux-gnueabihf] ==> [/lib/arm-linux-gnueabihf]
  collapse library dir [/lib/../lib] ==> [/lib]
  collapse library dir [/usr/lib/arm-linux-gnueabihf] ==> [/usr/lib/arm-linux-gnueabihf]
  collapse library dir [/usr/lib/../lib] ==> [/usr/lib]
  collapse library dir [/usr/lib/gcc/arm-linux-gnueabihf/4.8/../../..] ==> [/usr/lib]
  implicit libs: [stdc++;m;c]
  implicit dirs: [/usr/lib/gcc/arm-linux-gnueabihf/4.8;/usr/lib/arm-linux-gnueabihf;/usr/lib;/lib/arm-linux-gnueabihf;/lib]
  implicit fwks: []


